
DEBUG      1        Main scene ready
INFO       2        Creating host server
INFO       3        Starting server
INFO       4        retry_function: Success
DEBUG      5        	Created server on localhost:5413
INFO       6        Created Server
INFO       7        Creating player
DEBUG      8        Player id: 1
DEBUG      9        Setting multiplayer authority to 1 for self
DEBUG      10       Local is authority for 1, capturing mouse and setting 				  current camera
INFO       11       Created Player
TRACE      12       Moving Player 1 with vel. x: -2.254190 z: 4.463029
TRACE      13       Moving Player 1 with vel. x: -2.254190 z: 4.463029
TRACE      14       Moving Player 1 with vel. x: -2.254190 z: 4.463029
TRACE      15       Moving Player 1 with vel. x: -2.254190 z: 4.463029
TRACE      16       Moving Player 1 with vel. x: -2.254190 z: 4.463029
TRACE      17       Moving Player 1 with vel. x: -2.254190 z: 4.463029
TRACE      18       Moving Player 1 with vel. x: 1.561885 z: 4.749791
TRACE      19       Moving Player 1 with vel. x: 1.561885 z: 4.749791
TRACE      20       Moving Player 1 with vel. x: 1.561885 z: 4.749791
TRACE      21       Moving Player 1 with vel. x: 1.561885 z: 4.749791
TRACE      22       Moving Player 1 with vel. x: 1.561885 z: 4.749791
TRACE      23       Moving Player 1 with vel. x: 1.561885 z: 4.749791
TRACE      24       Moving Player 1 with vel. x: 1.561885 z: 4.749791
TRACE      25       Moving Player 1 with vel. x: 1.561885 z: 4.749791
TRACE      26       Moving Player 1 with vel. x: 1.561885 z: 4.749791
TRACE      27       Moving Player 1 with vel. x: 1.561885 z: 4.749791
TRACE      28       Moving Player 1 with vel. x: 1.561885 z: 4.749791
TRACE      29       Moving Player 1 with vel. x: 1.561885 z: 4.749791
TRACE      30       Moving Player 1 with vel. x: 1.561885 z: 4.749791
TRACE      31       Moving Player 1 with vel. x: 1.561885 z: 4.749791
TRACE      32       Moving Player 1 with vel. x: 1.561885 z: 4.749791
TRACE      33       Moving Player 1 with vel. x: 4.463029 z: 2.254190
TRACE      34       Moving Player 1 with vel. x: 4.463029 z: 2.254190
TRACE      35       Moving Player 1 with vel. x: 4.463029 z: 2.254190
TRACE      36       Moving Player 1 with vel. x: 4.463029 z: 2.254190
TRACE      37       Moving Player 1 with vel. x: 4.512615 z: 2.153210
TRACE      38       Moving Player 1 with vel. x: 2.710778 z: -4.201391
TRACE      39       Moving Player 1 with vel. x: 2.628341 z: -4.253449
TRACE      40       Moving Player 1 with vel. x: 2.538445 z: -4.307702
TRACE      41       Moving Player 1 with vel. x: 2.480062 z: -4.341578
TRACE      42       Moving Player 1 with vel. x: 2.460500 z: -4.352694
TRACE      43       Moving Player 1 with vel. x: 2.453968 z: -4.356380
TRACE      44       Moving Player 1 with vel. x: 2.453968 z: -4.356380
TRACE      45       Moving Player 1 with vel. x: -1.381287 z: -4.805418
TRACE      46       Moving Player 1 with vel. x: -1.381287 z: -4.805418
TRACE      47       Moving Player 1 with vel. x: -1.330755 z: -4.819656
TRACE      48       Moving Player 1 with vel. x: -1.163718 z: -4.862690
TRACE      49       Moving Player 1 with vel. x: -0.921688 z: -4.914315
TRACE      50       Moving Player 1 with vel. x: -3.972841 z: -3.035875
TRACE      51       Moving Player 1 with vel. x: -3.812912 z: -3.234455
TRACE      52       Moving Player 1 with vel. x: -3.678826 z: -3.386183
DEBUG      53       Player pressed interact button
DEBUG      54       Found item in raycast(id:32581354698)
ERROR      55       event triggered
TRACE      56       Moving Player 1 with vel. x: 4.948037 z: -0.718979
TRACE      57       Moving Player 1 with vel. x: 4.936696 z: -0.793116
TRACE      58       Moving Player 1 with vel. x: 4.924244 z: -0.867074
TRACE      59       Moving Player 1 with vel. x: 4.920293 z: -0.889224
TRACE      60       Moving Player 1 with vel. x: 4.920293 z: -0.889224
TRACE      61       Moving Player 1 with vel. x: 4.920293 z: -0.889224
TRACE      62       Moving Player 1 with vel. x: 4.920293 z: -0.889224
DEBUG      63       Player pressed interact button
DEBUG      64       Found item in raycast(id:32581354698)
ERROR      65       event triggered
DEBUG      66       Player pressed interact button
DEBUG      67       Found item in raycast(id:32581354698)
ERROR      68       event triggered
DEBUG      69       Player pressed interact button
DEBUG      70       Found item in raycast(id:32581354698)
ERROR      71       event triggered
DEBUG      72       Player pressed interact button
DEBUG      73       Found item in raycast(id:32581354698)
ERROR      74       event triggered
DEBUG      75       Player pressed interact button
DEBUG      76       Found item in raycast(id:32581354698)
ERROR      77       event triggered
TRACE      78       Moving Player 1 with vel. x: -4.920293 z: 0.889224
TRACE      79       Moving Player 1 with vel. x: -4.920293 z: 0.889224
TRACE      80       Moving Player 1 with vel. x: -4.920293 z: 0.889224
TRACE      81       Moving Player 1 with vel. x: -4.920293 z: 0.889224
TRACE      82       Moving Player 1 with vel. x: -4.920293 z: 0.889224
TRACE      83       Moving Player 1 with vel. x: -4.920293 z: 0.889224
TRACE      84       Moving Player 1 with vel. x: -4.920293 z: 0.889224
TRACE      85       Moving Player 1 with vel. x: -4.920293 z: 0.889224
TRACE      86       Moving Player 1 with vel. x: -4.920293 z: 0.889224
TRACE      87       Moving Player 1 with vel. x: -4.920293 z: 0.889224
TRACE      88       Moving Player 1 with vel. x: -4.920293 z: 0.889224
TRACE      89       Moving Player 1 with vel. x: -4.920293 z: 0.889224
TRACE      90       Moving Player 1 with vel. x: -4.920293 z: 0.889224
TRACE      91       Moving Player 1 with vel. x: -4.920293 z: 0.889224
TRACE      92       Moving Player 1 with vel. x: -4.920293 z: 0.889224
INFO       93       Exiting game

